{
"contracts/NftMarketplace.sol":{"l":{"56":15,"57":1,"59":14,"63":9,"64":3,"66":6,"76":21,"77":21,"80":21,"81":3,"83":18,"109":13,"110":1,"115":12,"116":12,"117":1,"121":11,"122":11,"135":3,"138":3,"139":1,"143":2,"146":2,"150":2,"151":2,"153":2,"175":1,"177":1,"196":2,"197":2,"206":2,"208":1,"209":1,"211":1,"212":1,"213":0,"223":3,"227":2},"path":"/Users/trungtran/Documents/Solidity/hardhat-fcc/hardhat-nft-marketplace/contracts/NftMarketplace.sol","s":{"1":15,"2":9,"3":21,"4":21,"5":21,"6":13,"7":12,"8":12,"9":11,"10":11,"11":3,"12":3,"13":2,"14":2,"15":2,"16":2,"17":1,"18":2,"19":2,"20":2,"21":1,"22":1,"23":1,"24":1,"25":3,"26":2},"b":{"1":[1,14],"2":[3,6],"3":[3,18],"4":[1,12],"5":[1,11],"6":[1,2],"7":[1,1],"8":[0,1]},"f":{"1":15,"2":9,"3":21,"4":13,"5":3,"6":1,"7":2,"8":2,"9":3,"10":2},"fnMap":{"1":{"name":"notBeingListed","line":54,"loc":{"start":{"line":54,"column":4},"end":{"line":60,"column":4}}},"2":{"name":"isBeingListed","line":62,"loc":{"start":{"line":62,"column":4},"end":{"line":67,"column":4}}},"3":{"name":"isOwner","line":69,"loc":{"start":{"line":69,"column":4},"end":{"line":84,"column":4}}},"4":{"name":"listItem","line":106,"loc":{"start":{"line":99,"column":4},"end":{"line":123,"column":4}}},"5":{"name":"buyItem","line":134,"loc":{"start":{"line":131,"column":4},"end":{"line":159,"column":4}}},"6":{"name":"cancelListing","line":173,"loc":{"start":{"line":167,"column":4},"end":{"line":178,"column":4}}},"7":{"name":"updateListing","line":194,"loc":{"start":{"line":187,"column":4},"end":{"line":198,"column":4}}},"8":{"name":"withdrawProceeds","line":204,"loc":{"start":{"line":204,"column":4},"end":{"line":215,"column":4}}},"9":{"name":"getListingItem","line":219,"loc":{"start":{"line":219,"column":4},"end":{"line":224,"column":4}}},"10":{"name":"getProceeds","line":226,"loc":{"start":{"line":226,"column":4},"end":{"line":228,"column":4}}}},"statementMap":{"1":{"start":{"line":56,"column":8},"end":{"line":56,"column":1448}},"2":{"start":{"line":63,"column":8},"end":{"line":63,"column":1651}},"3":{"start":{"line":76,"column":8},"end":{"line":76,"column":57}},"4":{"start":{"line":77,"column":8},"end":{"line":77,"column":52}},"5":{"start":{"line":80,"column":8},"end":{"line":80,"column":2131}},"6":{"start":{"line":109,"column":8},"end":{"line":109,"column":3251}},"7":{"start":{"line":115,"column":8},"end":{"line":115,"column":65}},"8":{"start":{"line":116,"column":8},"end":{"line":116,"column":3539}},"9":{"start":{"line":121,"column":8},"end":{"line":121,"column":75}},"10":{"start":{"line":122,"column":8},"end":{"line":122,"column":71}},"11":{"start":{"line":135,"column":8},"end":{"line":135,"column":75}},"12":{"start":{"line":138,"column":8},"end":{"line":138,"column":4505}},"13":{"start":{"line":143,"column":8},"end":{"line":143,"column":49}},"14":{"start":{"line":150,"column":8},"end":{"line":150,"column":57}},"15":{"start":{"line":151,"column":8},"end":{"line":151,"column":75}},"16":{"start":{"line":153,"column":8},"end":{"line":153,"column":5008}},"17":{"start":{"line":177,"column":8},"end":{"line":177,"column":66}},"18":{"start":{"line":196,"column":8},"end":{"line":196,"column":63}},"19":{"start":{"line":197,"column":8},"end":{"line":197,"column":66}},"20":{"start":{"line":206,"column":8},"end":{"line":206,"column":42}},"21":{"start":{"line":208,"column":8},"end":{"line":208,"column":48}},"22":{"start":{"line":209,"column":8},"end":{"line":209,"column":33}},"23":{"start":{"line":211,"column":8},"end":{"line":211,"column":71}},"24":{"start":{"line":212,"column":8},"end":{"line":212,"column":6980}},"25":{"start":{"line":223,"column":8},"end":{"line":223,"column":54}},"26":{"start":{"line":227,"column":8},"end":{"line":227,"column":33}}},"branchMap":{"1":{"line":56,"type":"if","locations":[{"start":{"line":56,"column":8},"end":{"line":56,"column":8}},{"start":{"line":56,"column":8},"end":{"line":56,"column":8}}]},"2":{"line":63,"type":"if","locations":[{"start":{"line":63,"column":8},"end":{"line":63,"column":8}},{"start":{"line":63,"column":8},"end":{"line":63,"column":8}}]},"3":{"line":80,"type":"if","locations":[{"start":{"line":80,"column":8},"end":{"line":80,"column":8}},{"start":{"line":80,"column":8},"end":{"line":80,"column":8}}]},"4":{"line":109,"type":"if","locations":[{"start":{"line":109,"column":8},"end":{"line":109,"column":8}},{"start":{"line":109,"column":8},"end":{"line":109,"column":8}}]},"5":{"line":116,"type":"if","locations":[{"start":{"line":116,"column":8},"end":{"line":116,"column":8}},{"start":{"line":116,"column":8},"end":{"line":116,"column":8}}]},"6":{"line":138,"type":"if","locations":[{"start":{"line":138,"column":8},"end":{"line":138,"column":8}},{"start":{"line":138,"column":8},"end":{"line":138,"column":8}}]},"7":{"line":206,"type":"if","locations":[{"start":{"line":206,"column":8},"end":{"line":206,"column":8}},{"start":{"line":206,"column":8},"end":{"line":206,"column":8}}]},"8":{"line":212,"type":"if","locations":[{"start":{"line":212,"column":8},"end":{"line":212,"column":8}},{"start":{"line":212,"column":8},"end":{"line":212,"column":8}}]}}},
"contracts/test/BasicNft.sol":{"l":{"14":3,"18":17,"19":17,"20":17,"26":0,"30":0,"34":0},"path":"/Users/trungtran/Documents/Solidity/hardhat-fcc/hardhat-nft-marketplace/contracts/test/BasicNft.sol","s":{"1":3,"2":17,"3":17,"4":17,"5":0,"6":0,"7":0},"b":{"1":[0,0]},"f":{"1":3,"2":17,"3":0,"4":0},"fnMap":{"1":{"name":"constructor","line":13,"loc":{"start":{"line":13,"column":4},"end":{"line":15,"column":4}}},"2":{"name":"mintNft","line":17,"loc":{"start":{"line":17,"column":4},"end":{"line":21,"column":4}}},"3":{"name":"tokenURI","line":23,"loc":{"start":{"line":23,"column":4},"end":{"line":31,"column":4}}},"4":{"name":"getTokenCounter","line":33,"loc":{"start":{"line":33,"column":4},"end":{"line":35,"column":4}}}},"statementMap":{"1":{"start":{"line":14,"column":8},"end":{"line":14,"column":25}},"2":{"start":{"line":18,"column":8},"end":{"line":18,"column":44}},"3":{"start":{"line":19,"column":8},"end":{"line":19,"column":38}},"4":{"start":{"line":20,"column":8},"end":{"line":20,"column":42}},"5":{"start":{"line":26,"column":8},"end":{"line":26,"column":734}},"6":{"start":{"line":30,"column":8},"end":{"line":30,"column":24}},"7":{"start":{"line":34,"column":8},"end":{"line":34,"column":29}}},"branchMap":{"1":{"line":26,"type":"if","locations":[{"start":{"line":26,"column":8},"end":{"line":26,"column":8}},{"start":{"line":26,"column":8},"end":{"line":26,"column":8}}]}}}}
