TN:
SF:/Users/trungtran/Documents/Solidity/hardhat-fcc/hardhat-nft-marketplace/contracts/NftMarketplace.sol
FN:54,notBeingListed
FN:62,isBeingListed
FN:69,isOwner
FN:106,listItem
FN:134,buyItem
FN:173,cancelListing
FN:194,updateListing
FN:204,withdrawProceeds
FN:219,getListingItem
FN:226,getProceeds
FNF:10
FNH:10
FNDA:15,notBeingListed
FNDA:9,isBeingListed
FNDA:21,isOwner
FNDA:13,listItem
FNDA:3,buyItem
FNDA:1,cancelListing
FNDA:2,updateListing
FNDA:2,withdrawProceeds
FNDA:3,getListingItem
FNDA:2,getProceeds
DA:56,15
DA:57,1
DA:59,14
DA:63,9
DA:64,3
DA:66,6
DA:76,21
DA:77,21
DA:80,21
DA:81,3
DA:83,18
DA:109,13
DA:110,1
DA:115,12
DA:116,12
DA:117,1
DA:121,11
DA:122,11
DA:135,3
DA:138,3
DA:139,1
DA:143,2
DA:146,2
DA:150,2
DA:151,2
DA:153,2
DA:175,1
DA:177,1
DA:196,2
DA:197,2
DA:206,2
DA:208,1
DA:209,1
DA:211,1
DA:212,1
DA:213,0
DA:223,3
DA:227,2
LF:38
LH:37
BRDA:56,1,0,1
BRDA:56,1,1,14
BRDA:63,2,0,3
BRDA:63,2,1,6
BRDA:80,3,0,3
BRDA:80,3,1,18
BRDA:109,4,0,1
BRDA:109,4,1,12
BRDA:116,5,0,1
BRDA:116,5,1,11
BRDA:138,6,0,1
BRDA:138,6,1,2
BRDA:206,7,0,1
BRDA:206,7,1,1
BRDA:212,8,0,0
BRDA:212,8,1,1
BRF:16
BRH:15
end_of_record
TN:
SF:/Users/trungtran/Documents/Solidity/hardhat-fcc/hardhat-nft-marketplace/contracts/test/BasicNft.sol
FN:13,constructor
FN:17,mintNft
FN:23,tokenURI
FN:33,getTokenCounter
FNF:4
FNH:2
FNDA:3,constructor
FNDA:17,mintNft
FNDA:0,tokenURI
FNDA:0,getTokenCounter
DA:14,3
DA:18,17
DA:19,17
DA:20,17
DA:26,0
DA:30,0
DA:34,0
LF:7
LH:4
BRDA:26,1,0,0
BRDA:26,1,1,0
BRF:2
BRH:0
end_of_record
